Leksjon 2/app/build/intermediates/manifest_merge_blame_file/debug/manifest-merger-blame-debug-report.txt
1<?xml version="1.0" encoding="utf-8"?>
2<manifest xmlns:android="http://schemas.android.com/apk/res/android"
3    package="inft2501.leksjon_02"
4    android:versionCode="1"
5    android:versionName="1.0" >
6
7    <uses-sdk
8        android:minSdkVersion="16"
8-->src/main/AndroidManifest.xml
9        android:targetSdkVersion="30" />
9-->src/main/AndroidManifest.xml
10
11    <application
11-->src/main/AndroidManifest.xml:5:5-31:19
12        android:allowBackup="true"
12-->src/main/AndroidManifest.xml:6:9-35
13        android:appComponentFactory="androidx.core.app.CoreComponentFactory"
13-->[androidx.core:core:1.5.0] AndroidManifest.xml:24:18-86
14        android:debuggable="true"
15        android:icon="@drawable/icon"
15-->src/main/AndroidManifest.xml:7:9-38
16        android:label="@string/app_name"
16-->src/main/AndroidManifest.xml:8:9-41
17        android:supportsRtl="true"
17-->src/main/AndroidManifest.xml:9:9-35
18        android:testOnly="true"
19        android:theme="@style/Theme.AktiviteterOgIntensjoner" >
19-->src/main/AndroidManifest.xml:10:9-62
20        <activity
20-->src/main/AndroidManifest.xml:11:9-22:20
21            android:name="inft2501.exercise2.MainActivity2"
21-->src/main/AndroidManifest.xml:12:13-60
22            android:label="@string/title_activity" >
22-->src/main/AndroidManifest.xml:13:13-51
23            <intent-filter>
23-->src/main/AndroidManifest.xml:14:13-17:29
24                <action android:name="android.intent.action.MAIN" />
24-->src/main/AndroidManifest.xml:15:17-69
24-->src/main/AndroidManifest.xml:15:25-66
25
26                <category android:name="android.intent.category.LAUNCHER" />
26-->src/main/AndroidManifest.xml:16:17-77
26-->src/main/AndroidManifest.xml:16:27-74
27            </intent-filter>
28            <intent-filter>
28-->src/main/AndroidManifest.xml:18:13-21:29
29                <action android:name="inft2501.MainActivity" />
29-->src/main/AndroidManifest.xml:19:17-64
29-->src/main/AndroidManifest.xml:19:25-61
30
31                <category android:name="android.intent.category.DEFAULT" />
31-->src/main/AndroidManifest.xml:20:17-76
31-->src/main/AndroidManifest.xml:20:27-73
32            </intent-filter>
33        </activity>
34        <activity
34-->src/main/AndroidManifest.xml:23:9-30:20
35            android:name="inft2501.exercise2.RandomNumberActivity"
35-->src/main/AndroidManifest.xml:24:13-67
36            android:label="@string/title_activity" >
36-->src/main/AndroidManifest.xml:25:13-51
37            <intent-filter>
37-->src/main/AndroidManifest.xml:26:13-29:29
38                <action android:name="inft2501.RandomNumberActivity" />
38-->src/main/AndroidManifest.xml:27:17-72
38-->src/main/AndroidManifest.xml:27:25-69
39
40                <category android:name="android.intent.category.DEFAULT" />
40-->src/main/AndroidManifest.xml:20:17-76
40-->src/main/AndroidManifest.xml:20:27-73
41            </intent-filter>
42        </activity>
43    </application>
44
45</manifest>